<?xml version="1.0" encoding="UTF-8"?>
<testng-results skipped="0" failed="0" total="1" passed="1">
  <reporter-output>
  </reporter-output>
  <suite name="Suite" duration-ms="24130" started-at="2017-12-13T10:05:19Z" finished-at="2017-12-13T10:05:43Z">
    <groups>
    </groups>
    <test name="Test" duration-ms="24130" started-at="2017-12-13T10:05:19Z" finished-at="2017-12-13T10:05:43Z">
      <class name="example.NewTest">
        <test-method status="PASS" signature="testgooglrsearch()[pri:0, instance:example.NewTest@39aeed2f]" name="testgooglrsearch" duration-ms="24118" started-at="2017-12-13T10:05:19Z" finished-at="2017-12-13T10:05:43Z">
          <reporter-output>
          </reporter-output>
        </test-method> <!-- testgooglrsearch -->
      </class> <!-- example.NewTest -->
    </test> <!-- Test -->
  </suite> <!-- Suite -->
</testng-results>
